<?xml version="1.0" encoding="UTF-8"?>
<testsuite name="XXLChess.TestCheckmate" tests="1" skipped="0" failures="0" errors="0" timestamp="2023-05-10T04:26:06" hostname="Yaraslaus-MacBook-Pro.local" time="0.006">
  <properties/>
  <testcase name="appStarts()" classname="XXLChess.TestCheckmate" time="0.006"/>
  <system-out><![CDATA[]]></system-out>
  <system-err><![CDATA[]]></system-err>
</testsuite>
