<?xml version="1.0" encoding="UTF-8"?>
<testsuite name="XXLChess.SampleTest" tests="1" skipped="0" failures="0" errors="0" timestamp="2023-05-01T06:19:39" hostname="Yaraslaus-MacBook-Pro.local" time="0.149">
  <properties/>
  <testcase name="simpleTest()" classname="XXLChess.SampleTest" time="0.149"/>
  <system-out><![CDATA[]]></system-out>
  <system-err><![CDATA[]]></system-err>
</testsuite>
