<?xml version="1.0" encoding="UTF-8"?>
<testsuite name="XXLChess.SampleTest" tests="1" skipped="0" failures="0" errors="0" timestamp="2023-05-03T01:03:55" hostname="yaraslaus-mbp.shared.sydney.edu.au" time="0.144">
  <properties/>
  <testcase name="simpleTest()" classname="XXLChess.SampleTest" time="0.144"/>
  <system-out><![CDATA[2
2
0
2
]]></system-out>
  <system-err><![CDATA[]]></system-err>
</testsuite>
