<?xml version="1.0" encoding="UTF-8"?>
<testsuite name="XXLChess.TestAI" tests="3" skipped="0" failures="0" errors="0" timestamp="2023-05-09T09:32:16" hostname="Yaraslaus-MacBook-Pro.local" time="0.314">
  <properties/>
  <testcase name="appStartsAI()" classname="XXLChess.TestAI" time="0.014"/>
  <testcase name="testAImove()" classname="XXLChess.TestAI" time="0.21"/>
  <testcase name="testEasyAI()" classname="XXLChess.TestAI" time="0.088"/>
  <system-out><![CDATA[]]></system-out>
  <system-err><![CDATA[]]></system-err>
</testsuite>
